# JRE version: OpenJDK Runtime Environment (8.0_202-b03) (build 1.8.0_202-release-1483-b03)
# Java VM: OpenJDK 64-Bit Server VM (25.202-b03 mixed mode windows-amd64 compressed oops)
Heap:
 PSYoungGen      total 141312K, used 22570K [0x00000000eb200000, 0x00000000f5e00000, 0x0000000100000000)
  eden space 114176K, 19% used [0x00000000eb200000,0x00000000ec80a990,0x00000000f2180000)
  from space 27136K, 0% used [0x00000000f2180000,0x00000000f2180000,0x00000000f3c00000)
  to   space 19456K, 0% used [0x00000000f3c00000,0x00000000f3c00000,0x00000000f4f00000)
 ParOldGen       total 74752K, used 51734K [0x00000000c1600000, 0x00000000c5f00000, 0x00000000eb200000)
  object space 74752K, 69% used [0x00000000c1600000,0x00000000c4885998,0x00000000c5f00000)
 Metaspace       used 61056K, capacity 62158K, committed 62464K, reserved 1103872K
  class space    used 7285K, capacity 7623K, committed 7680K, reserved 1048576K
GC Heap History (10 events):
Event: 12.715 GC heap before
{Heap before GC invocations=8 (full 2):
 PSYoungGen      total 104960K, used 9260K [0x00000000eb200000, 0x00000000f2a00000, 0x0000000100000000)
  eden space 92160K, 0% used [0x00000000eb200000,0x00000000eb200000,0x00000000f0c00000)
  from space 12800K, 72% used [0x00000000f1d80000,0x00000000f268b368,0x00000000f2a00000)
  to   space 15360K, 0% used [0x00000000f0c00000,0x00000000f0c00000,0x00000000f1b00000)
 ParOldGen       total 45568K, used 26760K [0x00000000c1600000, 0x00000000c4280000, 0x00000000eb200000)
  object space 45568K, 58% used [0x00000000c1600000,0x00000000c3022000,0x00000000c4280000)
 Metaspace       used 34870K, capacity 35378K, committed 35496K, reserved 1081344K
  class space    used 4422K, capacity 4571K, committed 4608K, reserved 1048576K
Event: 12.976 GC heap after
Heap after GC invocations=8 (full 2):
 PSYoungGen      total 104960K, used 0K [0x00000000eb200000, 0x00000000f2a00000, 0x0000000100000000)
  eden space 92160K, 0% used [0x00000000eb200000,0x00000000eb200000,0x00000000f0c00000)
  from space 12800K, 0% used [0x00000000f1d80000,0x00000000f1d80000,0x00000000f2a00000)
  to   space 15360K, 0% used [0x00000000f0c00000,0x00000000f0c00000,0x00000000f1b00000)
 ParOldGen       total 74752K, used 19286K [0x00000000c1600000, 0x00000000c5f00000, 0x00000000eb200000)
  object space 74752K, 25% used [0x00000000c1600000,0x00000000c28d5a88,0x00000000c5f00000)
 Metaspace       used 34870K, capacity 35378K, committed 35496K, reserved 1081344K
  class space    used 4422K, capacity 4571K, committed 4608K, reserved 1048576K
}
Event: 19.058 GC heap before
{Heap before GC invocations=9 (full 2):
 PSYoungGen      total 104960K, used 92160K [0x00000000eb200000, 0x00000000f2a00000, 0x0000000100000000)
  eden space 92160K, 100% used [0x00000000eb200000,0x00000000f0c00000,0x00000000f0c00000)
  from space 12800K, 0% used [0x00000000f1d80000,0x00000000f1d80000,0x00000000f2a00000)
  to   space 15360K, 0% used [0x00000000f0c00000,0x00000000f0c00000,0x00000000f1b00000)
 ParOldGen       total 74752K, used 19286K [0x00000000c1600000, 0x00000000c5f00000, 0x00000000eb200000)
  object space 74752K, 25% used [0x00000000c1600000,0x00000000c28d5a88,0x00000000c5f00000)
 Metaspace       used 41505K, capacity 42210K, committed 42496K, reserved 1087488K
  class space    used 5063K, capacity 5251K, committed 5376K, reserved 1048576K
Event: 19.111 GC heap after
Heap after GC invocations=9 (full 2):
 PSYoungGen      total 107520K, used 15354K [0x00000000eb200000, 0x00000000f4f00000, 0x0000000100000000)
  eden space 92160K, 0% used [0x00000000eb200000,0x00000000eb200000,0x00000000f0c00000)
  from space 15360K, 99% used [0x00000000f0c00000,0x00000000f1afea08,0x00000000f1b00000)
  to   space 19456K, 0% used [0x00000000f3c00000,0x00000000f3c00000,0x00000000f4f00000)
 ParOldGen       total 74752K, used 22377K [0x00000000c1600000, 0x00000000c5f00000, 0x00000000eb200000)
  object space 74752K, 29% used [0x00000000c1600000,0x00000000c2bda4e0,0x00000000c5f00000)
 Metaspace       used 41505K, capacity 42210K, committed 42496K, reserved 1087488K
  class space    used 5063K, capacity 5251K, committed 5376K, reserved 1048576K
}
Event: 27.939 GC heap before
{Heap before GC invocations=10 (full 2):
 PSYoungGen      total 107520K, used 107514K [0x00000000eb200000, 0x00000000f4f00000, 0x0000000100000000)
  eden space 92160K, 100% used [0x00000000eb200000,0x00000000f0c00000,0x00000000f0c00000)
  from space 15360K, 99% used [0x00000000f0c00000,0x00000000f1afea08,0x00000000f1b00000)
  to   space 19456K, 0% used [0x00000000f3c00000,0x00000000f3c00000,0x00000000f4f00000)
 ParOldGen       total 74752K, used 22377K [0x00000000c1600000, 0x00000000c5f00000, 0x00000000eb200000)
  object space 74752K, 29% used [0x00000000c1600000,0x00000000c2bda4e0,0x00000000c5f00000)
 Metaspace       used 50416K, capacity 51372K, committed 51584K, reserved 1093632K
  class space    used 6194K, capacity 6464K, committed 6528K, reserved 1048576K
Event: 28.060 GC heap after
Heap after GC invocations=10 (full 2):
 PSYoungGen      total 133632K, used 19443K [0x00000000eb200000, 0x00000000f5e00000, 0x0000000100000000)
  eden space 114176K, 0% used [0x00000000eb200000,0x00000000eb200000,0x00000000f2180000)
  from space 19456K, 99% used [0x00000000f3c00000,0x00000000f4efcf40,0x00000000f4f00000)
  to   space 27136K, 0% used [0x00000000f2180000,0x00000000f2180000,0x00000000f3c00000)
 ParOldGen       total 74752K, used 32627K [0x00000000c1600000, 0x00000000c5f00000, 0x00000000eb200000)
  object space 74752K, 43% used [0x00000000c1600000,0x00000000c35dcd70,0x00000000c5f00000)
 Metaspace       used 50416K, capacity 51372K, committed 51584K, reserved 1093632K
  class space    used 6194K, capacity 6464K, committed 6528K, reserved 1048576K
}
Event: 38.624 GC heap before
{Heap before GC invocations=11 (full 2):
 PSYoungGen      total 133632K, used 120222K [0x00000000eb200000, 0x00000000f5e00000, 0x0000000100000000)
  eden space 114176K, 88% used [0x00000000eb200000,0x00000000f146aa20,0x00000000f2180000)
  from space 19456K, 99% used [0x00000000f3c00000,0x00000000f4efcf40,0x00000000f4f00000)
  to   space 27136K, 0% used [0x00000000f2180000,0x00000000f2180000,0x00000000f3c00000)
 ParOldGen       total 74752K, used 32627K [0x00000000c1600000, 0x00000000c5f00000, 0x00000000eb200000)
  object space 74752K, 43% used [0x00000000c1600000,0x00000000c35dcd70,0x00000000c5f00000)
 Metaspace       used 57923K, capacity 58968K, committed 59160K, reserved 1101824K
  class space    used 6991K, capacity 7276K, committed 7296K, reserved 1048576K
Event: 38.926 GC heap after
Heap after GC invocations=11 (full 2):
 PSYoungGen      total 141312K, used 27116K [0x00000000eb200000, 0x00000000f5e00000, 0x0000000100000000)
  eden space 114176K, 0% used [0x00000000eb200000,0x00000000eb200000,0x00000000f2180000)
  from space 27136K, 99% used [0x00000000f2180000,0x00000000f3bfb350,0x00000000f3c00000)
  to   space 19456K, 0% used [0x00000000f3c00000,0x00000000f3c00000,0x00000000f4f00000)
 ParOldGen       total 74752K, used 39784K [0x00000000c1600000, 0x00000000c5f00000, 0x00000000eb200000)
  object space 74752K, 53% used [0x00000000c1600000,0x00000000c3cda220,0x00000000c5f00000)
 Metaspace       used 57923K, capacity 58968K, committed 59160K, reserved 1101824K
  class space    used 6991K, capacity 7276K, committed 7296K, reserved 1048576K
}
Event: 38.926 GC heap before
{Heap before GC invocations=12 (full 3):
 PSYoungGen      total 141312K, used 27116K [0x00000000eb200000, 0x00000000f5e00000, 0x0000000100000000)
  eden space 114176K, 0% used [0x00000000eb200000,0x00000000eb200000,0x00000000f2180000)
  from space 27136K, 99% used [0x00000000f2180000,0x00000000f3bfb350,0x00000000f3c00000)
  to   space 19456K, 0% used [0x00000000f3c00000,0x00000000f3c00000,0x00000000f4f00000)
 ParOldGen       total 74752K, used 39784K [0x00000000c1600000, 0x00000000c5f00000, 0x00000000eb200000)
  object space 74752K, 53% used [0x00000000c1600000,0x00000000c3cda220,0x00000000c5f00000)
 Metaspace       used 57923K, capacity 58968K, committed 59160K, reserved 1101824K
  class space    used 6991K, capacity 7276K, committed 7296K, reserved 1048576K
Event: 39.998 GC heap after
Heap after GC invocations=12 (full 3):
 PSYoungGen      total 141312K, used 0K [0x00000000eb200000, 0x00000000f5e00000, 0x0000000100000000)
  eden space 114176K, 0% used [0x00000000eb200000,0x00000000eb200000,0x00000000f2180000)
  from space 27136K, 0% used [0x00000000f2180000,0x00000000f2180000,0x00000000f3c00000)
  to   space 19456K, 0% used [0x00000000f3c00000,0x00000000f3c00000,0x00000000f4f00000)
 ParOldGen       total 74752K, used 51734K [0x00000000c1600000, 0x00000000c5f00000, 0x00000000eb200000)
  object space 74752K, 69% used [0x00000000c1600000,0x00000000c4885998,0x00000000c5f00000)
 Metaspace       used 57923K, capacity 58968K, committed 59160K, reserved 1101824K
  class space    used 6991K, capacity 7276K, committed 7296K, reserved 1048576K
}

