# JRE version: OpenJDK Runtime Environment (8.0_202-b03) (build 1.8.0_202-release-1483-b03)
# Java VM: OpenJDK 64-Bit Server VM (25.202-b03 mixed mode windows-amd64 compressed oops)
Heap:
 PSYoungGen      total 148992K, used 25505K [0x00000000e0000000, 0x00000000ec600000, 0x0000000100000000)
  eden space 104448K, 18% used [0x00000000e0000000,0x00000000e1332518,0x00000000e6600000)
  from space 44544K, 13% used [0x00000000e6600000,0x00000000e6bb6130,0x00000000e9180000)
  to   space 43008K, 0% used [0x00000000e9c00000,0x00000000e9c00000,0x00000000ec600000)
 ParOldGen       total 183296K, used 116161K [0x00000000a0000000, 0x00000000ab300000, 0x00000000e0000000)
  object space 183296K, 63% used [0x00000000a0000000,0x00000000a7170698,0x00000000ab300000)
 Metaspace       used 84708K, capacity 88338K, committed 88536K, reserved 1126400K
  class space    used 11217K, capacity 11920K, committed 12032K, reserved 1048576K
GC Heap History (10 events):
Event: 534.671 GC heap before
{Heap before GC invocations=39 (full 4):
 PSYoungGen      total 109056K, used 84637K [0x00000000e0000000, 0x00000000ebc80000, 0x0000000100000000)
  eden space 78848K, 100% used [0x00000000e0000000,0x00000000e4d00000,0x00000000e4d00000)
  from space 30208K, 19% used [0x00000000e7980000,0x00000000e7f27620,0x00000000e9700000)
  to   space 45568K, 0% used [0x00000000e4d00000,0x00000000e4d00000,0x00000000e7980000)
 ParOldGen       total 183296K, used 99427K [0x00000000a0000000, 0x00000000ab300000, 0x00000000e0000000)
  object space 183296K, 54% used [0x00000000a0000000,0x00000000a6118fb8,0x00000000ab300000)
 Metaspace       used 81554K, capacity 85048K, committed 85336K, reserved 1122304K
  class space    used 10920K, capacity 11601K, committed 11648K, reserved 1048576K
Event: 534.809 GC heap after
Heap after GC invocations=39 (full 4):
 PSYoungGen      total 124416K, used 28988K [0x00000000e0000000, 0x00000000eb680000, 0x0000000100000000)
  eden space 78848K, 0% used [0x00000000e0000000,0x00000000e0000000,0x00000000e4d00000)
  from space 45568K, 63% used [0x00000000e4d00000,0x00000000e694f2b0,0x00000000e7980000)
  to   space 47616K, 0% used [0x00000000e8800000,0x00000000e8800000,0x00000000eb680000)
 ParOldGen       total 183296K, used 99427K [0x00000000a0000000, 0x00000000ab300000, 0x00000000e0000000)
  object space 183296K, 54% used [0x00000000a0000000,0x00000000a6118fb8,0x00000000ab300000)
 Metaspace       used 81554K, capacity 85048K, committed 85336K, reserved 1122304K
  class space    used 10920K, capacity 11601K, committed 11648K, reserved 1048576K
}
Event: 538.591 GC heap before
{Heap before GC invocations=40 (full 4):
 PSYoungGen      total 124416K, used 107384K [0x00000000e0000000, 0x00000000eb680000, 0x0000000100000000)
  eden space 78848K, 99% used [0x00000000e0000000,0x00000000e4c8f108,0x00000000e4d00000)
  from space 45568K, 63% used [0x00000000e4d00000,0x00000000e694f2b0,0x00000000e7980000)
  to   space 47616K, 0% used [0x00000000e8800000,0x00000000e8800000,0x00000000eb680000)
 ParOldGen       total 183296K, used 99427K [0x00000000a0000000, 0x00000000ab300000, 0x00000000e0000000)
  object space 183296K, 54% used [0x00000000a0000000,0x00000000a6118fb8,0x00000000ab300000)
 Metaspace       used 81727K, capacity 85188K, committed 85336K, reserved 1122304K
  class space    used 10922K, capacity 11603K, committed 11648K, reserved 1048576K
Event: 538.773 GC heap after
Heap after GC invocations=40 (full 4):
 PSYoungGen      total 136192K, used 20383K [0x00000000e0000000, 0x00000000eb300000, 0x0000000100000000)
  eden space 92160K, 0% used [0x00000000e0000000,0x00000000e0000000,0x00000000e5a00000)
  from space 44032K, 46% used [0x00000000e8800000,0x00000000e9be7eb8,0x00000000eb300000)
  to   space 45568K, 0% used [0x00000000e5a00000,0x00000000e5a00000,0x00000000e8680000)
 ParOldGen       total 183296K, used 99443K [0x00000000a0000000, 0x00000000ab300000, 0x00000000e0000000)
  object space 183296K, 54% used [0x00000000a0000000,0x00000000a611cfb8,0x00000000ab300000)
 Metaspace       used 81727K, capacity 85188K, committed 85336K, reserved 1122304K
  class space    used 10922K, capacity 11603K, committed 11648K, reserved 1048576K
}
Event: 883.231 GC heap before
{Heap before GC invocations=41 (full 4):
 PSYoungGen      total 136192K, used 112543K [0x00000000e0000000, 0x00000000eb300000, 0x0000000100000000)
  eden space 92160K, 100% used [0x00000000e0000000,0x00000000e5a00000,0x00000000e5a00000)
  from space 44032K, 46% used [0x00000000e8800000,0x00000000e9be7eb8,0x00000000eb300000)
  to   space 45568K, 0% used [0x00000000e5a00000,0x00000000e5a00000,0x00000000e8680000)
 ParOldGen       total 183296K, used 99443K [0x00000000a0000000, 0x00000000ab300000, 0x00000000e0000000)
  object space 183296K, 54% used [0x00000000a0000000,0x00000000a611cfb8,0x00000000ab300000)
 Metaspace       used 81861K, capacity 85332K, committed 85592K, reserved 1124352K
  class space    used 10923K, capacity 11605K, committed 11648K, reserved 1048576K
Event: 884.381 GC heap after
Heap after GC invocations=41 (full 4):
 PSYoungGen      total 137728K, used 1376K [0x00000000e0000000, 0x00000000ec080000, 0x0000000100000000)
  eden space 92160K, 0% used [0x00000000e0000000,0x00000000e0000000,0x00000000e5a00000)
  from space 45568K, 3% used [0x00000000e5a00000,0x00000000e5b58020,0x00000000e8680000)
  to   space 45568K, 0% used [0x00000000e9400000,0x00000000e9400000,0x00000000ec080000)
 ParOldGen       total 183296K, used 110268K [0x00000000a0000000, 0x00000000ab300000, 0x00000000e0000000)
  object space 183296K, 60% used [0x00000000a0000000,0x00000000a6baf078,0x00000000ab300000)
 Metaspace       used 81861K, capacity 85332K, committed 85592K, reserved 1124352K
  class space    used 10923K, capacity 11605K, committed 11648K, reserved 1048576K
}
Event: 908.617 GC heap before
{Heap before GC invocations=42 (full 4):
 PSYoungGen      total 137728K, used 93536K [0x00000000e0000000, 0x00000000ec080000, 0x0000000100000000)
  eden space 92160K, 100% used [0x00000000e0000000,0x00000000e5a00000,0x00000000e5a00000)
  from space 45568K, 3% used [0x00000000e5a00000,0x00000000e5b58020,0x00000000e8680000)
  to   space 45568K, 0% used [0x00000000e9400000,0x00000000e9400000,0x00000000ec080000)
 ParOldGen       total 183296K, used 110268K [0x00000000a0000000, 0x00000000ab300000, 0x00000000e0000000)
  object space 183296K, 60% used [0x00000000a0000000,0x00000000a6baf078,0x00000000ab300000)
 Metaspace       used 82638K, capacity 86174K, committed 86488K, reserved 1124352K
  class space    used 11007K, capacity 11696K, committed 11776K, reserved 1048576K
Event: 908.665 GC heap after
Heap after GC invocations=42 (full 4):
 PSYoungGen      total 146432K, used 6266K [0x00000000e0000000, 0x00000000ebd00000, 0x0000000100000000)
  eden space 104448K, 0% used [0x00000000e0000000,0x00000000e0000000,0x00000000e6600000)
  from space 41984K, 14% used [0x00000000e9400000,0x00000000e9a1eb50,0x00000000ebd00000)
  to   space 44544K, 0% used [0x00000000e6600000,0x00000000e6600000,0x00000000e9180000)
 ParOldGen       total 183296K, used 111151K [0x00000000a0000000, 0x00000000ab300000, 0x00000000e0000000)
  object space 183296K, 60% used [0x00000000a0000000,0x00000000a6c8bd10,0x00000000ab300000)
 Metaspace       used 82638K, capacity 86174K, committed 86488K, reserved 1124352K
  class space    used 11007K, capacity 11696K, committed 11776K, reserved 1048576K
}
Event: 955.559 GC heap before
{Heap before GC invocations=43 (full 4):
 PSYoungGen      total 146432K, used 110714K [0x00000000e0000000, 0x00000000ebd00000, 0x0000000100000000)
  eden space 104448K, 100% used [0x00000000e0000000,0x00000000e6600000,0x00000000e6600000)
  from space 41984K, 14% used [0x00000000e9400000,0x00000000e9a1eb50,0x00000000ebd00000)
  to   space 44544K, 0% used [0x00000000e6600000,0x00000000e6600000,0x00000000e9180000)
 ParOldGen       total 183296K, used 111151K [0x00000000a0000000, 0x00000000ab300000, 0x00000000e0000000)
  object space 183296K, 60% used [0x00000000a0000000,0x00000000a6c8bd10,0x00000000ab300000)
 Metaspace       used 84442K, capacity 87962K, committed 88152K, reserved 1126400K
  class space    used 11207K, capacity 11886K, committed 11904K, reserved 1048576K
Event: 955.619 GC heap after
Heap after GC invocations=43 (full 4):
 PSYoungGen      total 148992K, used 5848K [0x00000000e0000000, 0x00000000ec600000, 0x0000000100000000)
  eden space 104448K, 0% used [0x00000000e0000000,0x00000000e0000000,0x00000000e6600000)
  from space 44544K, 13% used [0x00000000e6600000,0x00000000e6bb6130,0x00000000e9180000)
  to   space 43008K, 0% used [0x00000000e9c00000,0x00000000e9c00000,0x00000000ec600000)
 ParOldGen       total 183296K, used 116161K [0x00000000a0000000, 0x00000000ab300000, 0x00000000e0000000)
  object space 183296K, 63% used [0x00000000a0000000,0x00000000a7170698,0x00000000ab300000)
 Metaspace       used 84442K, capacity 87962K, committed 88152K, reserved 1126400K
  class space    used 11207K, capacity 11886K, committed 11904K, reserved 1048576K
}

