# JRE version: OpenJDK Runtime Environment (8.0_202-b03) (build 1.8.0_202-release-1483-b03)
# Java VM: OpenJDK 64-Bit Server VM (25.202-b03 mixed mode windows-amd64 compressed oops)
Heap:
 PSYoungGen      total 111104K, used 47692K [0x00000000eb200000, 0x00000000f5f80000, 0x0000000100000000)
  eden space 81408K, 58% used [0x00000000eb200000,0x00000000ee0931c0,0x00000000f0180000)
  from space 29696K, 0% used [0x00000000f0180000,0x00000000f0180000,0x00000000f1e80000)
  to   space 33792K, 0% used [0x00000000f3e80000,0x00000000f3e80000,0x00000000f5f80000)
 ParOldGen       total 69120K, used 47714K [0x00000000c1600000, 0x00000000c5980000, 0x00000000eb200000)
  object space 69120K, 69% used [0x00000000c1600000,0x00000000c4498858,0x00000000c5980000)
 Metaspace       used 61917K, capacity 63172K, committed 63360K, reserved 1105920K
  class space    used 7342K, capacity 7698K, committed 7808K, reserved 1048576K
GC Heap History (10 events):
Event: 21.056 GC heap before
{Heap before GC invocations=12 (full 2):
 PSYoungGen      total 76800K, used 73859K [0x00000000eb200000, 0x00000000f1980000, 0x0000000100000000)
  eden space 61952K, 100% used [0x00000000eb200000,0x00000000eee80000,0x00000000eee80000)
  from space 14848K, 80% used [0x00000000eee80000,0x00000000efa20d90,0x00000000efd00000)
  to   space 15872K, 0% used [0x00000000f0a00000,0x00000000f0a00000,0x00000000f1980000)
 ParOldGen       total 69120K, used 17581K [0x00000000c1600000, 0x00000000c5980000, 0x00000000eb200000)
  object space 69120K, 25% used [0x00000000c1600000,0x00000000c272b5a8,0x00000000c5980000)
 Metaspace       used 42009K, capacity 42674K, committed 43008K, reserved 1087488K
  class space    used 5094K, capacity 5255K, committed 5376K, reserved 1048576K
Event: 21.181 GC heap after
Heap after GC invocations=12 (full 2):
 PSYoungGen      total 87552K, used 15869K [0x00000000eb200000, 0x00000000f2000000, 0x0000000100000000)
  eden space 71680K, 0% used [0x00000000eb200000,0x00000000eb200000,0x00000000ef800000)
  from space 15872K, 99% used [0x00000000f0a00000,0x00000000f197f5c8,0x00000000f1980000)
  to   space 18432K, 0% used [0x00000000ef800000,0x00000000ef800000,0x00000000f0a00000)
 ParOldGen       total 69120K, used 18846K [0x00000000c1600000, 0x00000000c5980000, 0x00000000eb200000)
  object space 69120K, 27% used [0x00000000c1600000,0x00000000c2867be0,0x00000000c5980000)
 Metaspace       used 42009K, capacity 42674K, committed 43008K, reserved 1087488K
  class space    used 5094K, capacity 5255K, committed 5376K, reserved 1048576K
}
Event: 29.483 GC heap before
{Heap before GC invocations=13 (full 2):
 PSYoungGen      total 87552K, used 87549K [0x00000000eb200000, 0x00000000f2000000, 0x0000000100000000)
  eden space 71680K, 100% used [0x00000000eb200000,0x00000000ef800000,0x00000000ef800000)
  from space 15872K, 99% used [0x00000000f0a00000,0x00000000f197f5c8,0x00000000f1980000)
  to   space 18432K, 0% used [0x00000000ef800000,0x00000000ef800000,0x00000000f0a00000)
 ParOldGen       total 69120K, used 18846K [0x00000000c1600000, 0x00000000c5980000, 0x00000000eb200000)
  object space 69120K, 27% used [0x00000000c1600000,0x00000000c2867be0,0x00000000c5980000)
 Metaspace       used 50694K, capacity 51620K, committed 51840K, reserved 1095680K
  class space    used 6201K, capacity 6464K, committed 6528K, reserved 1048576K
Event: 29.562 GC heap after
Heap after GC invocations=13 (full 2):
 PSYoungGen      total 90112K, used 18425K [0x00000000eb200000, 0x00000000f3700000, 0x0000000100000000)
  eden space 71680K, 0% used [0x00000000eb200000,0x00000000eb200000,0x00000000ef800000)
  from space 18432K, 99% used [0x00000000ef800000,0x00000000f09fe678,0x00000000f0a00000)
  to   space 25088K, 0% used [0x00000000f1e80000,0x00000000f1e80000,0x00000000f3700000)
 ParOldGen       total 69120K, used 30788K [0x00000000c1600000, 0x00000000c5980000, 0x00000000eb200000)
  object space 69120K, 44% used [0x00000000c1600000,0x00000000c3411218,0x00000000c5980000)
 Metaspace       used 50694K, capacity 51620K, committed 51840K, reserved 1095680K
  class space    used 6201K, capacity 6464K, committed 6528K, reserved 1048576K
}
Event: 37.020 GC heap before
{Heap before GC invocations=14 (full 2):
 PSYoungGen      total 90112K, used 90105K [0x00000000eb200000, 0x00000000f3700000, 0x0000000100000000)
  eden space 71680K, 100% used [0x00000000eb200000,0x00000000ef800000,0x00000000ef800000)
  from space 18432K, 99% used [0x00000000ef800000,0x00000000f09fe678,0x00000000f0a00000)
  to   space 25088K, 0% used [0x00000000f1e80000,0x00000000f1e80000,0x00000000f3700000)
 ParOldGen       total 69120K, used 30788K [0x00000000c1600000, 0x00000000c5980000, 0x00000000eb200000)
  object space 69120K, 44% used [0x00000000c1600000,0x00000000c3411218,0x00000000c5980000)
 Metaspace       used 54726K, capacity 55666K, committed 55936K, reserved 1097728K
  class space    used 6656K, capacity 6927K, committed 7040K, reserved 1048576K
Event: 37.139 GC heap after
Heap after GC invocations=14 (full 2):
 PSYoungGen      total 106496K, used 25082K [0x00000000eb200000, 0x00000000f4000000, 0x0000000100000000)
  eden space 81408K, 0% used [0x00000000eb200000,0x00000000eb200000,0x00000000f0180000)
  from space 25088K, 99% used [0x00000000f1e80000,0x00000000f36fe888,0x00000000f3700000)
  to   space 29696K, 0% used [0x00000000f0180000,0x00000000f0180000,0x00000000f1e80000)
 ParOldGen       total 69120K, used 33343K [0x00000000c1600000, 0x00000000c5980000, 0x00000000eb200000)
  object space 69120K, 48% used [0x00000000c1600000,0x00000000c368fe60,0x00000000c5980000)
 Metaspace       used 54726K, capacity 55666K, committed 55936K, reserved 1097728K
  class space    used 6656K, capacity 6927K, committed 7040K, reserved 1048576K
}
Event: 38.724 GC heap before
{Heap before GC invocations=15 (full 2):
 PSYoungGen      total 106496K, used 43505K [0x00000000eb200000, 0x00000000f4000000, 0x0000000100000000)
  eden space 81408K, 22% used [0x00000000eb200000,0x00000000ec3fddd8,0x00000000f0180000)
  from space 25088K, 99% used [0x00000000f1e80000,0x00000000f36fe888,0x00000000f3700000)
  to   space 29696K, 0% used [0x00000000f0180000,0x00000000f0180000,0x00000000f1e80000)
 ParOldGen       total 69120K, used 33343K [0x00000000c1600000, 0x00000000c5980000, 0x00000000eb200000)
  object space 69120K, 48% used [0x00000000c1600000,0x00000000c368fe60,0x00000000c5980000)
 Metaspace       used 57908K, capacity 58924K, committed 59136K, reserved 1101824K
  class space    used 6997K, capacity 7308K, committed 7424K, reserved 1048576K
Event: 38.941 GC heap after
Heap after GC invocations=15 (full 2):
 PSYoungGen      total 111104K, used 27773K [0x00000000eb200000, 0x00000000f5f80000, 0x0000000100000000)
  eden space 81408K, 0% used [0x00000000eb200000,0x00000000eb200000,0x00000000f0180000)
  from space 29696K, 93% used [0x00000000f0180000,0x00000000f1c9f640,0x00000000f1e80000)
  to   space 33792K, 0% used [0x00000000f3e80000,0x00000000f3e80000,0x00000000f5f80000)
 ParOldGen       total 69120K, used 33351K [0x00000000c1600000, 0x00000000c5980000, 0x00000000eb200000)
  object space 69120K, 48% used [0x00000000c1600000,0x00000000c3691e60,0x00000000c5980000)
 Metaspace       used 57908K, capacity 58924K, committed 59136K, reserved 1101824K
  class space    used 6997K, capacity 7308K, committed 7424K, reserved 1048576K
}
Event: 38.941 GC heap before
{Heap before GC invocations=16 (full 3):
 PSYoungGen      total 111104K, used 27773K [0x00000000eb200000, 0x00000000f5f80000, 0x0000000100000000)
  eden space 81408K, 0% used [0x00000000eb200000,0x00000000eb200000,0x00000000f0180000)
  from space 29696K, 93% used [0x00000000f0180000,0x00000000f1c9f640,0x00000000f1e80000)
  to   space 33792K, 0% used [0x00000000f3e80000,0x00000000f3e80000,0x00000000f5f80000)
 ParOldGen       total 69120K, used 33351K [0x00000000c1600000, 0x00000000c5980000, 0x00000000eb200000)
  object space 69120K, 48% used [0x00000000c1600000,0x00000000c3691e60,0x00000000c5980000)
 Metaspace       used 57908K, capacity 58924K, committed 59136K, reserved 1101824K
  class space    used 6997K, capacity 7308K, committed 7424K, reserved 1048576K
Event: 39.758 GC heap after
Heap after GC invocations=16 (full 3):
 PSYoungGen      total 111104K, used 0K [0x00000000eb200000, 0x00000000f5f80000, 0x0000000100000000)
  eden space 81408K, 0% used [0x00000000eb200000,0x00000000eb200000,0x00000000f0180000)
  from space 29696K, 0% used [0x00000000f0180000,0x00000000f0180000,0x00000000f1e80000)
  to   space 33792K, 0% used [0x00000000f3e80000,0x00000000f3e80000,0x00000000f5f80000)
 ParOldGen       total 69120K, used 47714K [0x00000000c1600000, 0x00000000c5980000, 0x00000000eb200000)
  object space 69120K, 69% used [0x00000000c1600000,0x00000000c4498858,0x00000000c5980000)
 Metaspace       used 57908K, capacity 58924K, committed 59136K, reserved 1101824K
  class space    used 6997K, capacity 7308K, committed 7424K, reserved 1048576K
}

