# JRE version: OpenJDK Runtime Environment (8.0_202-b03) (build 1.8.0_202-release-1483-b03)
# Java VM: OpenJDK 64-Bit Server VM (25.202-b03 mixed mode windows-amd64 compressed oops)
Heap:
 PSYoungGen      total 185344K, used 64768K [0x00000000e0000000, 0x00000000f0b80000, 0x0000000100000000)
  eden space 124416K, 4% used [0x00000000e0000000,0x00000000e04fb090,0x00000000e7980000)
  from space 60928K, 97% used [0x00000000ebe00000,0x00000000ef845048,0x00000000ef980000)
  to   space 70144K, 0% used [0x00000000e7980000,0x00000000e7980000,0x00000000ebe00000)
 ParOldGen       total 166912K, used 123638K [0x00000000a0000000, 0x00000000aa300000, 0x00000000e0000000)
  object space 166912K, 74% used [0x00000000a0000000,0x00000000a78bdb50,0x00000000aa300000)
 Metaspace       used 92829K, capacity 96574K, committed 96788K, reserved 1132544K
  class space    used 11966K, capacity 12691K, committed 12820K, reserved 1048576K
GC Heap History (10 events):
Event: 11234.871 GC heap before
{Heap before GC invocations=47 (full 5):
 PSYoungGen      total 133120K, used 130353K [0x00000000e0000000, 0x00000000ec800000, 0x0000000100000000)
  eden space 88576K, 100% used [0x00000000e0000000,0x00000000e5680000,0x00000000e5680000)
  from space 44544K, 93% used [0x00000000e5680000,0x00000000e7f4c568,0x00000000e8200000)
  to   space 50688K, 0% used [0x00000000e9680000,0x00000000e9680000,0x00000000ec800000)
 ParOldGen       total 166912K, used 90393K [0x00000000a0000000, 0x00000000aa300000, 0x00000000e0000000)
  object space 166912K, 54% used [0x00000000a0000000,0x00000000a58467c0,0x00000000aa300000)
 Metaspace       used 92163K, capacity 95786K, committed 95892K, reserved 1132544K
  class space    used 11911K, capacity 12593K, committed 12692K, reserved 1048576K
Event: 11234.944 GC heap after
Heap after GC invocations=47 (full 5):
 PSYoungGen      total 142848K, used 17458K [0x00000000e0000000, 0x00000000ec000000, 0x0000000100000000)
  eden space 100352K, 0% used [0x00000000e0000000,0x00000000e0000000,0x00000000e6200000)
  from space 42496K, 41% used [0x00000000e9680000,0x00000000ea78caa0,0x00000000ec000000)
  to   space 48128K, 0% used [0x00000000e6200000,0x00000000e6200000,0x00000000e9100000)
 ParOldGen       total 166912K, used 90393K [0x00000000a0000000, 0x00000000aa300000, 0x00000000e0000000)
  object space 166912K, 54% used [0x00000000a0000000,0x00000000a58467c0,0x00000000aa300000)
 Metaspace       used 92163K, capacity 95786K, committed 95892K, reserved 1132544K
  class space    used 11911K, capacity 12593K, committed 12692K, reserved 1048576K
}
Event: 11429.054 GC heap before
{Heap before GC invocations=48 (full 5):
 PSYoungGen      total 142848K, used 117810K [0x00000000e0000000, 0x00000000ec000000, 0x0000000100000000)
  eden space 100352K, 100% used [0x00000000e0000000,0x00000000e6200000,0x00000000e6200000)
  from space 42496K, 41% used [0x00000000e9680000,0x00000000ea78caa0,0x00000000ec000000)
  to   space 48128K, 0% used [0x00000000e6200000,0x00000000e6200000,0x00000000e9100000)
 ParOldGen       total 166912K, used 90393K [0x00000000a0000000, 0x00000000aa300000, 0x00000000e0000000)
  object space 166912K, 54% used [0x00000000a0000000,0x00000000a58467c0,0x00000000aa300000)
 Metaspace       used 92562K, capacity 96294K, committed 96532K, reserved 1132544K
  class space    used 11960K, capacity 12689K, committed 12820K, reserved 1048576K
Event: 11434.566 GC heap after
Heap after GC invocations=48 (full 5):
 PSYoungGen      total 148480K, used 22852K [0x00000000e0000000, 0x00000000ec900000, 0x0000000100000000)
  eden space 100352K, 0% used [0x00000000e0000000,0x00000000e0000000,0x00000000e6200000)
  from space 48128K, 47% used [0x00000000e6200000,0x00000000e7851008,0x00000000e9100000)
  to   space 46080K, 0% used [0x00000000e9c00000,0x00000000e9c00000,0x00000000ec900000)
 ParOldGen       total 166912K, used 96233K [0x00000000a0000000, 0x00000000aa300000, 0x00000000e0000000)
  object space 166912K, 57% used [0x00000000a0000000,0x00000000a5dfa7c0,0x00000000aa300000)
 Metaspace       used 92562K, capacity 96294K, committed 96532K, reserved 1132544K
  class space    used 11960K, capacity 12689K, committed 12820K, reserved 1048576K
}
Event: 11490.969 GC heap before
{Heap before GC invocations=49 (full 5):
 PSYoungGen      total 148480K, used 118914K [0x00000000e0000000, 0x00000000ec900000, 0x0000000100000000)
  eden space 100352K, 95% used [0x00000000e0000000,0x00000000e5dcfa38,0x00000000e6200000)
  from space 48128K, 47% used [0x00000000e6200000,0x00000000e7851008,0x00000000e9100000)
  to   space 46080K, 0% used [0x00000000e9c00000,0x00000000e9c00000,0x00000000ec900000)
 ParOldGen       total 166912K, used 96233K [0x00000000a0000000, 0x00000000aa300000, 0x00000000e0000000)
  object space 166912K, 57% used [0x00000000a0000000,0x00000000a5dfa7c0,0x00000000aa300000)
 Metaspace       used 92809K, capacity 96574K, committed 96788K, reserved 1132544K
  class space    used 11966K, capacity 12691K, committed 12820K, reserved 1048576K
Event: 11491.038 GC heap after
Heap after GC invocations=49 (full 5):
 PSYoungGen      total 157184K, used 33770K [0x00000000e0000000, 0x00000000ecc80000, 0x0000000100000000)
  eden space 111104K, 0% used [0x00000000e0000000,0x00000000e0000000,0x00000000e6c80000)
  from space 46080K, 73% used [0x00000000e9c00000,0x00000000ebcfabd0,0x00000000ec900000)
  to   space 48640K, 0% used [0x00000000e6c80000,0x00000000e6c80000,0x00000000e9c00000)
 ParOldGen       total 166912K, used 101020K [0x00000000a0000000, 0x00000000aa300000, 0x00000000e0000000)
  object space 166912K, 60% used [0x00000000a0000000,0x00000000a62a7230,0x00000000aa300000)
 Metaspace       used 92809K, capacity 96574K, committed 96788K, reserved 1132544K
  class space    used 11966K, capacity 12691K, committed 12820K, reserved 1048576K
}
Event: 11493.325 GC heap before
{Heap before GC invocations=50 (full 5):
 PSYoungGen      total 157184K, used 144874K [0x00000000e0000000, 0x00000000ecc80000, 0x0000000100000000)
  eden space 111104K, 100% used [0x00000000e0000000,0x00000000e6c80000,0x00000000e6c80000)
  from space 46080K, 73% used [0x00000000e9c00000,0x00000000ebcfabd0,0x00000000ec900000)
  to   space 48640K, 0% used [0x00000000e6c80000,0x00000000e6c80000,0x00000000e9c00000)
 ParOldGen       total 166912K, used 101020K [0x00000000a0000000, 0x00000000aa300000, 0x00000000e0000000)
  object space 166912K, 60% used [0x00000000a0000000,0x00000000a62a7230,0x00000000aa300000)
 Metaspace       used 92815K, capacity 96574K, committed 96788K, reserved 1132544K
  class space    used 11966K, capacity 12691K, committed 12820K, reserved 1048576K
Event: 11499.664 GC heap after
Heap after GC invocations=50 (full 5):
 PSYoungGen      total 159744K, used 48620K [0x00000000e0000000, 0x00000000ef980000, 0x0000000100000000)
  eden space 111104K, 0% used [0x00000000e0000000,0x00000000e0000000,0x00000000e6c80000)
  from space 48640K, 99% used [0x00000000e6c80000,0x00000000e9bfb380,0x00000000e9c00000)
  to   space 60928K, 0% used [0x00000000ebe00000,0x00000000ebe00000,0x00000000ef980000)
 ParOldGen       total 166912K, used 115364K [0x00000000a0000000, 0x00000000aa300000, 0x00000000e0000000)
  object space 166912K, 69% used [0x00000000a0000000,0x00000000a70a9250,0x00000000aa300000)
 Metaspace       used 92815K, capacity 96574K, committed 96788K, reserved 1132544K
  class space    used 11966K, capacity 12691K, committed 12820K, reserved 1048576K
}
Event: 11503.068 GC heap before
{Heap before GC invocations=51 (full 5):
 PSYoungGen      total 159744K, used 159724K [0x00000000e0000000, 0x00000000ef980000, 0x0000000100000000)
  eden space 111104K, 100% used [0x00000000e0000000,0x00000000e6c80000,0x00000000e6c80000)
  from space 48640K, 99% used [0x00000000e6c80000,0x00000000e9bfb380,0x00000000e9c00000)
  to   space 60928K, 0% used [0x00000000ebe00000,0x00000000ebe00000,0x00000000ef980000)
 ParOldGen       total 166912K, used 115364K [0x00000000a0000000, 0x00000000aa300000, 0x00000000e0000000)
  object space 166912K, 69% used [0x00000000a0000000,0x00000000a70a9250,0x00000000aa300000)
 Metaspace       used 92821K, capacity 96574K, committed 96788K, reserved 1132544K
  class space    used 11966K, capacity 12691K, committed 12820K, reserved 1048576K
Event: 11503.355 GC heap after
Heap after GC invocations=51 (full 5):
 PSYoungGen      total 185344K, used 59668K [0x00000000e0000000, 0x00000000f0b80000, 0x0000000100000000)
  eden space 124416K, 0% used [0x00000000e0000000,0x00000000e0000000,0x00000000e7980000)
  from space 60928K, 97% used [0x00000000ebe00000,0x00000000ef845048,0x00000000ef980000)
  to   space 70144K, 0% used [0x00000000e7980000,0x00000000e7980000,0x00000000ebe00000)
 ParOldGen       total 166912K, used 123638K [0x00000000a0000000, 0x00000000aa300000, 0x00000000e0000000)
  object space 166912K, 74% used [0x00000000a0000000,0x00000000a78bdb50,0x00000000aa300000)
 Metaspace       used 92821K, capacity 96574K, committed 96788K, reserved 1132544K
  class space    used 11966K, capacity 12691K, committed 12820K, reserved 1048576K
}

