# JRE version: OpenJDK Runtime Environment (8.0_202-b03) (build 1.8.0_202-release-1483-b03)
# Java VM: OpenJDK 64-Bit Server VM (25.202-b03 mixed mode windows-amd64 compressed oops)
Heap:
 PSYoungGen      total 132608K, used 8426K [0x00000000eb200000, 0x00000000f5400000, 0x0000000100000000)
  eden space 106496K, 7% used [0x00000000eb200000,0x00000000eba3ab98,0x00000000f1a00000)
  from space 26112K, 0% used [0x00000000f1a00000,0x00000000f1a00000,0x00000000f3380000)
  to   space 18944K, 0% used [0x00000000f3380000,0x00000000f3380000,0x00000000f4600000)
 ParOldGen       total 78336K, used 47806K [0x00000000c1600000, 0x00000000c6280000, 0x00000000eb200000)
  object space 78336K, 61% used [0x00000000c1600000,0x00000000c44af9b8,0x00000000c6280000)
 Metaspace       used 54705K, capacity 55682K, committed 55936K, reserved 1097728K
  class space    used 6652K, capacity 6927K, committed 7040K, reserved 1048576K
GC Heap History (10 events):
Event: 13.588 GC heap before
{Heap before GC invocations=8 (full 2):
 PSYoungGen      total 100864K, used 8844K [0x00000000eb200000, 0x00000000f2600000, 0x0000000100000000)
  eden space 88064K, 0% used [0x00000000eb200000,0x00000000eb200000,0x00000000f0800000)
  from space 12800K, 69% used [0x00000000f1980000,0x00000000f2223018,0x00000000f2600000)
  to   space 15360K, 0% used [0x00000000f0800000,0x00000000f0800000,0x00000000f1700000)
 ParOldGen       total 47104K, used 27194K [0x00000000c1600000, 0x00000000c4400000, 0x00000000eb200000)
  object space 47104K, 57% used [0x00000000c1600000,0x00000000c308eb78,0x00000000c4400000)
 Metaspace       used 34877K, capacity 35378K, committed 35496K, reserved 1081344K
  class space    used 4420K, capacity 4571K, committed 4608K, reserved 1048576K
Event: 13.803 GC heap after
Heap after GC invocations=8 (full 2):
 PSYoungGen      total 100864K, used 0K [0x00000000eb200000, 0x00000000f2600000, 0x0000000100000000)
  eden space 88064K, 0% used [0x00000000eb200000,0x00000000eb200000,0x00000000f0800000)
  from space 12800K, 0% used [0x00000000f1980000,0x00000000f1980000,0x00000000f2600000)
  to   space 15360K, 0% used [0x00000000f0800000,0x00000000f0800000,0x00000000f1700000)
 ParOldGen       total 78336K, used 18934K [0x00000000c1600000, 0x00000000c6280000, 0x00000000eb200000)
  object space 78336K, 24% used [0x00000000c1600000,0x00000000c287d828,0x00000000c6280000)
 Metaspace       used 34877K, capacity 35378K, committed 35496K, reserved 1081344K
  class space    used 4420K, capacity 4571K, committed 4608K, reserved 1048576K
}
Event: 20.736 GC heap before
{Heap before GC invocations=9 (full 2):
 PSYoungGen      total 100864K, used 88064K [0x00000000eb200000, 0x00000000f2600000, 0x0000000100000000)
  eden space 88064K, 100% used [0x00000000eb200000,0x00000000f0800000,0x00000000f0800000)
  from space 12800K, 0% used [0x00000000f1980000,0x00000000f1980000,0x00000000f2600000)
  to   space 15360K, 0% used [0x00000000f0800000,0x00000000f0800000,0x00000000f1700000)
 ParOldGen       total 78336K, used 18934K [0x00000000c1600000, 0x00000000c6280000, 0x00000000eb200000)
  object space 78336K, 24% used [0x00000000c1600000,0x00000000c287d828,0x00000000c6280000)
 Metaspace       used 41425K, capacity 42034K, committed 42368K, reserved 1087488K
  class space    used 5053K, capacity 5213K, committed 5248K, reserved 1048576K
Event: 20.794 GC heap after
Heap after GC invocations=9 (full 2):
 PSYoungGen      total 103424K, used 15339K [0x00000000eb200000, 0x00000000f4600000, 0x0000000100000000)
  eden space 88064K, 0% used [0x00000000eb200000,0x00000000eb200000,0x00000000f0800000)
  from space 15360K, 99% used [0x00000000f0800000,0x00000000f16faeb0,0x00000000f1700000)
  to   space 18944K, 0% used [0x00000000f3380000,0x00000000f3380000,0x00000000f4600000)
 ParOldGen       total 78336K, used 21342K [0x00000000c1600000, 0x00000000c6280000, 0x00000000eb200000)
  object space 78336K, 27% used [0x00000000c1600000,0x00000000c2ad7998,0x00000000c6280000)
 Metaspace       used 41425K, capacity 42034K, committed 42368K, reserved 1087488K
  class space    used 5053K, capacity 5213K, committed 5248K, reserved 1048576K
}
Event: 29.517 GC heap before
{Heap before GC invocations=10 (full 2):
 PSYoungGen      total 103424K, used 103403K [0x00000000eb200000, 0x00000000f4600000, 0x0000000100000000)
  eden space 88064K, 100% used [0x00000000eb200000,0x00000000f0800000,0x00000000f0800000)
  from space 15360K, 99% used [0x00000000f0800000,0x00000000f16faeb0,0x00000000f1700000)
  to   space 18944K, 0% used [0x00000000f3380000,0x00000000f3380000,0x00000000f4600000)
 ParOldGen       total 78336K, used 21342K [0x00000000c1600000, 0x00000000c6280000, 0x00000000eb200000)
  object space 78336K, 27% used [0x00000000c1600000,0x00000000c2ad7998,0x00000000c6280000)
 Metaspace       used 49812K, capacity 50790K, committed 51072K, reserved 1093632K
  class space    used 6161K, capacity 6425K, committed 6528K, reserved 1048576K
Event: 29.605 GC heap after
Heap after GC invocations=10 (full 2):
 PSYoungGen      total 125440K, used 18937K [0x00000000eb200000, 0x00000000f5400000, 0x0000000100000000)
  eden space 106496K, 0% used [0x00000000eb200000,0x00000000eb200000,0x00000000f1a00000)
  from space 18944K, 99% used [0x00000000f3380000,0x00000000f45fe678,0x00000000f4600000)
  to   space 26112K, 0% used [0x00000000f1a00000,0x00000000f1a00000,0x00000000f3380000)
 ParOldGen       total 78336K, used 31339K [0x00000000c1600000, 0x00000000c6280000, 0x00000000eb200000)
  object space 78336K, 40% used [0x00000000c1600000,0x00000000c349aeb0,0x00000000c6280000)
 Metaspace       used 49812K, capacity 50790K, committed 51072K, reserved 1093632K
  class space    used 6161K, capacity 6425K, committed 6528K, reserved 1048576K
}
Event: 38.531 GC heap before
{Heap before GC invocations=11 (full 2):
 PSYoungGen      total 125440K, used 103988K [0x00000000eb200000, 0x00000000f5400000, 0x0000000100000000)
  eden space 106496K, 79% used [0x00000000eb200000,0x00000000f050ec60,0x00000000f1a00000)
  from space 18944K, 99% used [0x00000000f3380000,0x00000000f45fe678,0x00000000f4600000)
  to   space 26112K, 0% used [0x00000000f1a00000,0x00000000f1a00000,0x00000000f3380000)
 ParOldGen       total 78336K, used 31339K [0x00000000c1600000, 0x00000000c6280000, 0x00000000eb200000)
  object space 78336K, 40% used [0x00000000c1600000,0x00000000c349aeb0,0x00000000c6280000)
 Metaspace       used 54379K, capacity 55394K, committed 55552K, reserved 1097728K
  class space    used 6625K, capacity 6895K, committed 6912K, reserved 1048576K
Event: 38.634 GC heap after
Heap after GC invocations=11 (full 2):
 PSYoungGen      total 132608K, used 26097K [0x00000000eb200000, 0x00000000f5400000, 0x0000000100000000)
  eden space 106496K, 0% used [0x00000000eb200000,0x00000000eb200000,0x00000000f1a00000)
  from space 26112K, 99% used [0x00000000f1a00000,0x00000000f337c660,0x00000000f3380000)
  to   space 18944K, 0% used [0x00000000f3380000,0x00000000f3380000,0x00000000f4600000)
 ParOldGen       total 78336K, used 35437K [0x00000000c1600000, 0x00000000c6280000, 0x00000000eb200000)
  object space 78336K, 45% used [0x00000000c1600000,0x00000000c389b450,0x00000000c6280000)
 Metaspace       used 54379K, capacity 55394K, committed 55552K, reserved 1097728K
  class space    used 6625K, capacity 6895K, committed 6912K, reserved 1048576K
}
Event: 38.634 GC heap before
{Heap before GC invocations=12 (full 3):
 PSYoungGen      total 132608K, used 26097K [0x00000000eb200000, 0x00000000f5400000, 0x0000000100000000)
  eden space 106496K, 0% used [0x00000000eb200000,0x00000000eb200000,0x00000000f1a00000)
  from space 26112K, 99% used [0x00000000f1a00000,0x00000000f337c660,0x00000000f3380000)
  to   space 18944K, 0% used [0x00000000f3380000,0x00000000f3380000,0x00000000f4600000)
 ParOldGen       total 78336K, used 35437K [0x00000000c1600000, 0x00000000c6280000, 0x00000000eb200000)
  object space 78336K, 45% used [0x00000000c1600000,0x00000000c389b450,0x00000000c6280000)
 Metaspace       used 54379K, capacity 55394K, committed 55552K, reserved 1097728K
  class space    used 6625K, capacity 6895K, committed 6912K, reserved 1048576K
Event: 39.774 GC heap after
Heap after GC invocations=12 (full 3):
 PSYoungGen      total 132608K, used 0K [0x00000000eb200000, 0x00000000f5400000, 0x0000000100000000)
  eden space 106496K, 0% used [0x00000000eb200000,0x00000000eb200000,0x00000000f1a00000)
  from space 26112K, 0% used [0x00000000f1a00000,0x00000000f1a00000,0x00000000f3380000)
  to   space 18944K, 0% used [0x00000000f3380000,0x00000000f3380000,0x00000000f4600000)
 ParOldGen       total 78336K, used 47806K [0x00000000c1600000, 0x00000000c6280000, 0x00000000eb200000)
  object space 78336K, 61% used [0x00000000c1600000,0x00000000c44af9b8,0x00000000c6280000)
 Metaspace       used 54379K, capacity 55394K, committed 55552K, reserved 1097728K
  class space    used 6625K, capacity 6895K, committed 6912K, reserved 1048576K
}

