# JRE version: OpenJDK Runtime Environment (8.0_202-b03) (build 1.8.0_202-release-1483-b03)
# Java VM: OpenJDK 64-Bit Server VM (25.202-b03 mixed mode windows-amd64 compressed oops)
Heap:
 PSYoungGen      total 190976K, used 27883K [0x00000000e0000000, 0x00000000f2180000, 0x0000000100000000)
  eden space 94208K, 18% used [0x00000000e0000000,0x00000000e11357c0,0x00000000e5c00000)
  from space 96768K, 10% used [0x00000000e5c00000,0x00000000e66056b0,0x00000000eba80000)
  to   space 95744K, 0% used [0x00000000ec400000,0x00000000ec400000,0x00000000f2180000)
 ParOldGen       total 220160K, used 118877K [0x00000000a0000000, 0x00000000ad700000, 0x00000000e0000000)
  object space 220160K, 53% used [0x00000000a0000000,0x00000000a74174f0,0x00000000ad700000)
 Metaspace       used 82733K, capacity 86058K, committed 86232K, reserved 1124352K
  class space    used 10991K, capacity 11657K, committed 11776K, reserved 1048576K
GC Heap History (10 events):
Event: 818.412 GC heap before
{Heap before GC invocations=43 (full 5):
 PSYoungGen      total 164352K, used 128128K [0x00000000e0000000, 0x00000000ee980000, 0x0000000100000000)
  eden space 96256K, 100% used [0x00000000e0000000,0x00000000e5e00000,0x00000000e5e00000)
  from space 68096K, 46% used [0x00000000e5e00000,0x00000000e7d20138,0x00000000ea080000)
  to   space 66048K, 0% used [0x00000000ea900000,0x00000000ea900000,0x00000000ee980000)
 ParOldGen       total 200704K, used 165715K [0x00000000a0000000, 0x00000000ac400000, 0x00000000e0000000)
  object space 200704K, 82% used [0x00000000a0000000,0x00000000aa1d4ee0,0x00000000ac400000)
 Metaspace       used 82340K, capacity 85702K, committed 85976K, reserved 1124352K
  class space    used 10975K, capacity 11655K, committed 11776K, reserved 1048576K
Event: 818.735 GC heap after
Heap after GC invocations=43 (full 5):
 PSYoungGen      total 169984K, used 37562K [0x00000000e0000000, 0x00000000ee800000, 0x0000000100000000)
  eden space 105472K, 0% used [0x00000000e0000000,0x00000000e0000000,0x00000000e6700000)
  from space 64512K, 58% used [0x00000000ea900000,0x00000000ecdae8a0,0x00000000ee800000)
  to   space 66048K, 0% used [0x00000000e6700000,0x00000000e6700000,0x00000000ea780000)
 ParOldGen       total 200704K, used 165715K [0x00000000a0000000, 0x00000000ac400000, 0x00000000e0000000)
  object space 200704K, 82% used [0x00000000a0000000,0x00000000aa1d4ee0,0x00000000ac400000)
 Metaspace       used 82340K, capacity 85702K, committed 85976K, reserved 1124352K
  class space    used 10975K, capacity 11655K, committed 11776K, reserved 1048576K
}
Event: 829.563 GC heap before
{Heap before GC invocations=44 (full 5):
 PSYoungGen      total 169984K, used 143034K [0x00000000e0000000, 0x00000000ee800000, 0x0000000100000000)
  eden space 105472K, 100% used [0x00000000e0000000,0x00000000e6700000,0x00000000e6700000)
  from space 64512K, 58% used [0x00000000ea900000,0x00000000ecdae8a0,0x00000000ee800000)
  to   space 66048K, 0% used [0x00000000e6700000,0x00000000e6700000,0x00000000ea780000)
 ParOldGen       total 200704K, used 165715K [0x00000000a0000000, 0x00000000ac400000, 0x00000000e0000000)
  object space 200704K, 82% used [0x00000000a0000000,0x00000000aa1d4ee0,0x00000000ac400000)
 Metaspace       used 82714K, capacity 86054K, committed 86232K, reserved 1124352K
  class space    used 10991K, capacity 11657K, committed 11776K, reserved 1048576K
Event: 829.912 GC heap after
Heap after GC invocations=44 (full 5):
 PSYoungGen      total 171520K, used 64123K [0x00000000e0000000, 0x00000000f0480000, 0x0000000100000000)
  eden space 105472K, 0% used [0x00000000e0000000,0x00000000e0000000,0x00000000e6700000)
  from space 66048K, 97% used [0x00000000e6700000,0x00000000ea59eed8,0x00000000ea780000)
  to   space 75776K, 0% used [0x00000000eba80000,0x00000000eba80000,0x00000000f0480000)
 ParOldGen       total 200704K, used 165715K [0x00000000a0000000, 0x00000000ac400000, 0x00000000e0000000)
  object space 200704K, 82% used [0x00000000a0000000,0x00000000aa1d4ee0,0x00000000ac400000)
 Metaspace       used 82714K, capacity 86054K, committed 86232K, reserved 1124352K
  class space    used 10991K, capacity 11657K, committed 11776K, reserved 1048576K
}
Event: 832.610 GC heap before
{Heap before GC invocations=45 (full 5):
 PSYoungGen      total 171520K, used 169595K [0x00000000e0000000, 0x00000000f0480000, 0x0000000100000000)
  eden space 105472K, 100% used [0x00000000e0000000,0x00000000e6700000,0x00000000e6700000)
  from space 66048K, 97% used [0x00000000e6700000,0x00000000ea59eed8,0x00000000ea780000)
  to   space 75776K, 0% used [0x00000000eba80000,0x00000000eba80000,0x00000000f0480000)
 ParOldGen       total 200704K, used 165715K [0x00000000a0000000, 0x00000000ac400000, 0x00000000e0000000)
  object space 200704K, 82% used [0x00000000a0000000,0x00000000aa1d4ee0,0x00000000ac400000)
 Metaspace       used 82731K, capacity 86058K, committed 86232K, reserved 1124352K
  class space    used 10991K, capacity 11657K, committed 11776K, reserved 1048576K
Event: 832.977 GC heap after
Heap after GC invocations=45 (full 5):
 PSYoungGen      total 169984K, used 75745K [0x00000000e0000000, 0x00000000f3000000, 0x0000000100000000)
  eden space 94208K, 0% used [0x00000000e0000000,0x00000000e0000000,0x00000000e5c00000)
  from space 75776K, 99% used [0x00000000eba80000,0x00000000f04786a8,0x00000000f0480000)
  to   space 96768K, 0% used [0x00000000e5c00000,0x00000000e5c00000,0x00000000eba80000)
 ParOldGen       total 200704K, used 190165K [0x00000000a0000000, 0x00000000ac400000, 0x00000000e0000000)
  object space 200704K, 94% used [0x00000000a0000000,0x00000000ab9b5668,0x00000000ac400000)
 Metaspace       used 82731K, capacity 86058K, committed 86232K, reserved 1124352K
  class space    used 10991K, capacity 11657K, committed 11776K, reserved 1048576K
}
Event: 833.006 GC heap before
{Heap before GC invocations=46 (full 6):
 PSYoungGen      total 169984K, used 75745K [0x00000000e0000000, 0x00000000f3000000, 0x0000000100000000)
  eden space 94208K, 0% used [0x00000000e0000000,0x00000000e0000000,0x00000000e5c00000)
  from space 75776K, 99% used [0x00000000eba80000,0x00000000f04786a8,0x00000000f0480000)
  to   space 96768K, 0% used [0x00000000e5c00000,0x00000000e5c00000,0x00000000eba80000)
 ParOldGen       total 200704K, used 190165K [0x00000000a0000000, 0x00000000ac400000, 0x00000000e0000000)
  object space 200704K, 94% used [0x00000000a0000000,0x00000000ab9b5668,0x00000000ac400000)
 Metaspace       used 82731K, capacity 86058K, committed 86232K, reserved 1124352K
  class space    used 10991K, capacity 11657K, committed 11776K, reserved 1048576K
Event: 835.297 GC heap after
Heap after GC invocations=46 (full 6):
 PSYoungGen      total 169984K, used 0K [0x00000000e0000000, 0x00000000f3000000, 0x0000000100000000)
  eden space 94208K, 0% used [0x00000000e0000000,0x00000000e0000000,0x00000000e5c00000)
  from space 75776K, 0% used [0x00000000eba80000,0x00000000eba80000,0x00000000f0480000)
  to   space 96768K, 0% used [0x00000000e5c00000,0x00000000e5c00000,0x00000000eba80000)
 ParOldGen       total 220160K, used 118877K [0x00000000a0000000, 0x00000000ad700000, 0x00000000e0000000)
  object space 220160K, 53% used [0x00000000a0000000,0x00000000a74174f0,0x00000000ad700000)
 Metaspace       used 82731K, capacity 86058K, committed 86232K, reserved 1124352K
  class space    used 10991K, capacity 11657K, committed 11776K, reserved 1048576K
}
Event: 836.181 GC heap before
{Heap before GC invocations=47 (full 6):
 PSYoungGen      total 169984K, used 91292K [0x00000000e0000000, 0x00000000f3000000, 0x0000000100000000)
  eden space 94208K, 96% used [0x00000000e0000000,0x00000000e59270c0,0x00000000e5c00000)
  from space 75776K, 0% used [0x00000000eba80000,0x00000000eba80000,0x00000000f0480000)
  to   space 96768K, 0% used [0x00000000e5c00000,0x00000000e5c00000,0x00000000eba80000)
 ParOldGen       total 220160K, used 118877K [0x00000000a0000000, 0x00000000ad700000, 0x00000000e0000000)
  object space 220160K, 53% used [0x00000000a0000000,0x00000000a74174f0,0x00000000ad700000)
 Metaspace       used 82731K, capacity 86058K, committed 86232K, reserved 1124352K
  class space    used 10991K, capacity 11657K, committed 11776K, reserved 1048576K
Event: 836.339 GC heap after
Heap after GC invocations=47 (full 6):
 PSYoungGen      total 190976K, used 10261K [0x00000000e0000000, 0x00000000f2180000, 0x0000000100000000)
  eden space 94208K, 0% used [0x00000000e0000000,0x00000000e0000000,0x00000000e5c00000)
  from space 96768K, 10% used [0x00000000e5c00000,0x00000000e66056b0,0x00000000eba80000)
  to   space 95744K, 0% used [0x00000000ec400000,0x00000000ec400000,0x00000000f2180000)
 ParOldGen       total 220160K, used 118877K [0x00000000a0000000, 0x00000000ad700000, 0x00000000e0000000)
  object space 220160K, 53% used [0x00000000a0000000,0x00000000a74174f0,0x00000000ad700000)
 Metaspace       used 82731K, capacity 86058K, committed 86232K, reserved 1124352K
  class space    used 10991K, capacity 11657K, committed 11776K, reserved 1048576K
}

