# JRE version: OpenJDK Runtime Environment (8.0_202-b03) (build 1.8.0_202-release-1483-b03)
# Java VM: OpenJDK 64-Bit Server VM (25.202-b03 mixed mode windows-amd64 compressed oops)
Heap:
 PSYoungGen      total 391168K, used 121323K [0x00000000e0000000, 0x00000000fa280000, 0x0000000100000000)
  eden space 366080K, 26% used [0x00000000e0000000,0x00000000e5e02888,0x00000000f6580000)
  from space 25088K, 99% used [0x00000000f8480000,0x00000000f9cf8570,0x00000000f9d00000)
  to   space 31232K, 0% used [0x00000000f6580000,0x00000000f6580000,0x00000000f8400000)
 ParOldGen       total 82944K, used 37407K [0x00000000a0000000, 0x00000000a5100000, 0x00000000e0000000)
  object space 82944K, 45% used [0x00000000a0000000,0x00000000a2487d90,0x00000000a5100000)
 Metaspace       used 80287K, capacity 82892K, committed 83160K, reserved 1122304K
  class space    used 10355K, capacity 10926K, committed 10968K, reserved 1048576K
GC Heap History (10 events):
Event: 99.254 GC heap before
{Heap before GC invocations=11 (full 2):
 PSYoungGen      total 241664K, used 229376K [0x00000000e0000000, 0x00000000efc00000, 0x0000000100000000)
  eden space 229376K, 100% used [0x00000000e0000000,0x00000000ee000000,0x00000000ee000000)
  from space 12288K, 0% used [0x00000000ef000000,0x00000000ef000000,0x00000000efc00000)
  to   space 14336K, 0% used [0x00000000ee000000,0x00000000ee000000,0x00000000eee00000)
 ParOldGen       total 56320K, used 18113K [0x00000000a0000000, 0x00000000a3700000, 0x00000000e0000000)
  object space 56320K, 32% used [0x00000000a0000000,0x00000000a11b04f8,0x00000000a3700000)
 Metaspace       used 54869K, capacity 56322K, committed 56408K, reserved 1097728K
  class space    used 7355K, capacity 7732K, committed 7768K, reserved 1048576K
Event: 99.610 GC heap after
Heap after GC invocations=11 (full 2):
 PSYoungGen      total 243712K, used 14332K [0x00000000e0000000, 0x00000000f5100000, 0x0000000100000000)
  eden space 229376K, 0% used [0x00000000e0000000,0x00000000e0000000,0x00000000ee000000)
  from space 14336K, 99% used [0x00000000ee000000,0x00000000eedff260,0x00000000eee00000)
  to   space 22016K, 0% used [0x00000000f3b80000,0x00000000f3b80000,0x00000000f5100000)
 ParOldGen       total 56320K, used 31508K [0x00000000a0000000, 0x00000000a3700000, 0x00000000e0000000)
  object space 56320K, 55% used [0x00000000a0000000,0x00000000a1ec5060,0x00000000a3700000)
 Metaspace       used 54869K, capacity 56322K, committed 56408K, reserved 1097728K
  class space    used 7355K, capacity 7732K, committed 7768K, reserved 1048576K
}
Event: 103.087 GC heap before
{Heap before GC invocations=12 (full 2):
 PSYoungGen      total 243712K, used 58766K [0x00000000e0000000, 0x00000000f5100000, 0x0000000100000000)
  eden space 229376K, 19% used [0x00000000e0000000,0x00000000e2b64700,0x00000000ee000000)
  from space 14336K, 99% used [0x00000000ee000000,0x00000000eedff260,0x00000000eee00000)
  to   space 22016K, 0% used [0x00000000f3b80000,0x00000000f3b80000,0x00000000f5100000)
 ParOldGen       total 56320K, used 31508K [0x00000000a0000000, 0x00000000a3700000, 0x00000000e0000000)
  object space 56320K, 55% used [0x00000000a0000000,0x00000000a1ec5060,0x00000000a3700000)
 Metaspace       used 57466K, capacity 58938K, committed 59028K, reserved 1099776K
  class space    used 7733K, capacity 8110K, committed 8152K, reserved 1048576K
Event: 103.137 GC heap after
Heap after GC invocations=12 (full 2):
 PSYoungGen      total 321536K, used 16197K [0x00000000e0000000, 0x00000000f5580000, 0x0000000100000000)
  eden space 299520K, 0% used [0x00000000e0000000,0x00000000e0000000,0x00000000f2480000)
  from space 22016K, 73% used [0x00000000f3b80000,0x00000000f4b51500,0x00000000f5100000)
  to   space 23552K, 0% used [0x00000000f2480000,0x00000000f2480000,0x00000000f3b80000)
 ParOldGen       total 56320K, used 31580K [0x00000000a0000000, 0x00000000a3700000, 0x00000000e0000000)
  object space 56320K, 56% used [0x00000000a0000000,0x00000000a1ed7070,0x00000000a3700000)
 Metaspace       used 57466K, capacity 58938K, committed 59028K, reserved 1099776K
  class space    used 7733K, capacity 8110K, committed 8152K, reserved 1048576K
}
Event: 103.137 GC heap before
{Heap before GC invocations=13 (full 3):
 PSYoungGen      total 321536K, used 16197K [0x00000000e0000000, 0x00000000f5580000, 0x0000000100000000)
  eden space 299520K, 0% used [0x00000000e0000000,0x00000000e0000000,0x00000000f2480000)
  from space 22016K, 73% used [0x00000000f3b80000,0x00000000f4b51500,0x00000000f5100000)
  to   space 23552K, 0% used [0x00000000f2480000,0x00000000f2480000,0x00000000f3b80000)
 ParOldGen       total 56320K, used 31580K [0x00000000a0000000, 0x00000000a3700000, 0x00000000e0000000)
  object space 56320K, 56% used [0x00000000a0000000,0x00000000a1ed7070,0x00000000a3700000)
 Metaspace       used 57466K, capacity 58938K, committed 59028K, reserved 1099776K
  class space    used 7733K, capacity 8110K, committed 8152K, reserved 1048576K
Event: 103.628 GC heap after
Heap after GC invocations=13 (full 3):
 PSYoungGen      total 321536K, used 0K [0x00000000e0000000, 0x00000000f5580000, 0x0000000100000000)
  eden space 299520K, 0% used [0x00000000e0000000,0x00000000e0000000,0x00000000f2480000)
  from space 22016K, 0% used [0x00000000f3b80000,0x00000000f3b80000,0x00000000f5100000)
  to   space 23552K, 0% used [0x00000000f2480000,0x00000000f2480000,0x00000000f3b80000)
 ParOldGen       total 82944K, used 31204K [0x00000000a0000000, 0x00000000a5100000, 0x00000000e0000000)
  object space 82944K, 37% used [0x00000000a0000000,0x00000000a1e790d8,0x00000000a5100000)
 Metaspace       used 57466K, capacity 58938K, committed 59028K, reserved 1099776K
  class space    used 7733K, capacity 8110K, committed 8152K, reserved 1048576K
}
Event: 2075.528 GC heap before
{Heap before GC invocations=14 (full 3):
 PSYoungGen      total 321536K, used 299520K [0x00000000e0000000, 0x00000000f5580000, 0x0000000100000000)
  eden space 299520K, 100% used [0x00000000e0000000,0x00000000f2480000,0x00000000f2480000)
  from space 22016K, 0% used [0x00000000f3b80000,0x00000000f3b80000,0x00000000f5100000)
  to   space 23552K, 0% used [0x00000000f2480000,0x00000000f2480000,0x00000000f3b80000)
 ParOldGen       total 82944K, used 31204K [0x00000000a0000000, 0x00000000a5100000, 0x00000000e0000000)
  object space 82944K, 37% used [0x00000000a0000000,0x00000000a1e790d8,0x00000000a5100000)
 Metaspace       used 66175K, capacity 68402K, committed 68568K, reserved 1107968K
  class space    used 8586K, capacity 9095K, committed 9176K, reserved 1048576K
Event: 2076.809 GC heap after
Heap after GC invocations=14 (full 3):
 PSYoungGen      total 323072K, used 17648K [0x00000000e0000000, 0x00000000f9d00000, 0x0000000100000000)
  eden space 299520K, 0% used [0x00000000e0000000,0x00000000e0000000,0x00000000f2480000)
  from space 23552K, 74% used [0x00000000f2480000,0x00000000f35bc2b8,0x00000000f3b80000)
  to   space 25088K, 0% used [0x00000000f8480000,0x00000000f8480000,0x00000000f9d00000)
 ParOldGen       total 82944K, used 31212K [0x00000000a0000000, 0x00000000a5100000, 0x00000000e0000000)
  object space 82944K, 37% used [0x00000000a0000000,0x00000000a1e7b0d8,0x00000000a5100000)
 Metaspace       used 66175K, capacity 68402K, committed 68568K, reserved 1107968K
  class space    used 8586K, capacity 9095K, committed 9176K, reserved 1048576K
}
Event: 2210.599 GC heap before
{Heap before GC invocations=15 (full 3):
 PSYoungGen      total 323072K, used 317156K [0x00000000e0000000, 0x00000000f9d00000, 0x0000000100000000)
  eden space 299520K, 99% used [0x00000000e0000000,0x00000000f247cfa0,0x00000000f2480000)
  from space 23552K, 74% used [0x00000000f2480000,0x00000000f35bc2b8,0x00000000f3b80000)
  to   space 25088K, 0% used [0x00000000f8480000,0x00000000f8480000,0x00000000f9d00000)
 ParOldGen       total 82944K, used 31212K [0x00000000a0000000, 0x00000000a5100000, 0x00000000e0000000)
  object space 82944K, 37% used [0x00000000a0000000,0x00000000a1e7b0d8,0x00000000a5100000)
 Metaspace       used 76887K, capacity 79494K, committed 79832K, reserved 1118208K
  class space    used 10054K, capacity 10605K, committed 10712K, reserved 1048576K
Event: 2211.116 GC heap after
Heap after GC invocations=15 (full 3):
 PSYoungGen      total 391168K, used 25057K [0x00000000e0000000, 0x00000000fa280000, 0x0000000100000000)
  eden space 366080K, 0% used [0x00000000e0000000,0x00000000e0000000,0x00000000f6580000)
  from space 25088K, 99% used [0x00000000f8480000,0x00000000f9cf8570,0x00000000f9d00000)
  to   space 31232K, 0% used [0x00000000f6580000,0x00000000f6580000,0x00000000f8400000)
 ParOldGen       total 82944K, used 37407K [0x00000000a0000000, 0x00000000a5100000, 0x00000000e0000000)
  object space 82944K, 45% used [0x00000000a0000000,0x00000000a2487d90,0x00000000a5100000)
 Metaspace       used 76887K, capacity 79494K, committed 79832K, reserved 1118208K
  class space    used 10054K, capacity 10605K, committed 10712K, reserved 1048576K
}

